2024-08-14T03:05:57.297+03:00  INFO 172352 --- [main] c.e.e.EmployeeWorkplaceApplication       : Starting EmployeeWorkplaceApplication using Java 17.0.12 with PID 172352 (C:\Users\laptop\IdeaProjects\Employee workplace\target\classes started by laptop in C:\Users\laptop\IdeaProjects\Employee workplace)
2024-08-14T03:05:57.300+03:00 DEBUG 172352 --- [main] c.e.e.EmployeeWorkplaceApplication       : Running with Spring Boot v3.3.2, Spring v6.1.11
2024-08-14T03:05:57.301+03:00  INFO 172352 --- [main] c.e.e.EmployeeWorkplaceApplication       : No active profile set, falling back to 1 default profile: "default"
2024-08-14T03:05:58.178+03:00  INFO 172352 --- [main] .s.d.r.c.RepositoryConfigurationDelegate : Bootstrapping Spring Data JPA repositories in DEFAULT mode.
2024-08-14T03:05:58.276+03:00  INFO 172352 --- [main] .s.d.r.c.RepositoryConfigurationDelegate : Finished Spring Data repository scanning in 84 ms. Found 5 JPA repository interfaces.
2024-08-14T03:05:58.906+03:00  INFO 172352 --- [main] o.s.b.w.embedded.tomcat.TomcatWebServer  : Tomcat initialized with port 8080 (http)
2024-08-14T03:05:58.920+03:00  INFO 172352 --- [main] o.apache.catalina.core.StandardService   : Starting service [Tomcat]
2024-08-14T03:05:58.921+03:00  INFO 172352 --- [main] o.apache.catalina.core.StandardEngine    : Starting Servlet engine: [Apache Tomcat/10.1.26]
2024-08-14T03:05:58.986+03:00  INFO 172352 --- [main] o.a.c.c.C.[Tomcat].[localhost].[/]       : Initializing Spring embedded WebApplicationContext
2024-08-14T03:05:58.986+03:00  INFO 172352 --- [main] w.s.c.ServletWebServerApplicationContext : Root WebApplicationContext: initialization completed in 1620 ms
2024-08-14T03:05:59.172+03:00  INFO 172352 --- [main] o.hibernate.jpa.internal.util.LogHelper  : HHH000204: Processing PersistenceUnitInfo [name: default]
2024-08-14T03:05:59.247+03:00  INFO 172352 --- [main] org.hibernate.Version                    : HHH000412: Hibernate ORM core version 6.5.2.Final
2024-08-14T03:05:59.292+03:00  INFO 172352 --- [main] o.h.c.internal.RegionFactoryInitiator    : HHH000026: Second-level cache disabled
2024-08-14T03:05:59.717+03:00  INFO 172352 --- [main] o.s.o.j.p.SpringPersistenceUnitInfo      : No LoadTimeWeaver setup: ignoring JPA class transformer
2024-08-14T03:05:59.762+03:00  INFO 172352 --- [main] com.zaxxer.hikari.HikariDataSource       : HikariPool-1 - Starting...
2024-08-14T03:05:59.962+03:00  INFO 172352 --- [main] com.zaxxer.hikari.pool.HikariPool        : HikariPool-1 - Added connection org.postgresql.jdbc.PgConnection@655621fd
2024-08-14T03:05:59.964+03:00  INFO 172352 --- [main] com.zaxxer.hikari.HikariDataSource       : HikariPool-1 - Start completed.
2024-08-14T03:06:01.375+03:00  INFO 172352 --- [main] o.h.e.t.j.p.i.JtaPlatformInitiator       : HHH000489: No JTA platform available (set 'hibernate.transaction.jta.platform' to enable JTA platform integration)
2024-08-14T03:06:01.432+03:00  INFO 172352 --- [main] j.LocalContainerEntityManagerFactoryBean : Initialized JPA EntityManagerFactory for persistence unit 'default'
2024-08-14T03:06:01.832+03:00 DEBUG 172352 --- [main] o.s.web.filter.CharacterEncodingFilter   : Filter 'customCharacterEncodingFilter' configured for use
2024-08-14T03:06:02.696+03:00  WARN 172352 --- [main] JpaBaseConfiguration$JpaWebConfiguration : spring.jpa.open-in-view is enabled by default. Therefore, database queries may be performed during view rendering. Explicitly configure spring.jpa.open-in-view to disable this warning
2024-08-14T03:06:02.719+03:00  INFO 172352 --- [main] r$InitializeUserDetailsManagerConfigurer : Global AuthenticationManager configured with UserDetailsService bean with name userService
2024-08-14T03:06:02.858+03:00 DEBUG 172352 --- [main] s.w.s.m.m.a.RequestMappingHandlerMapping : 12 mappings in 'requestMappingHandlerMapping'
2024-08-14T03:06:02.955+03:00 DEBUG 172352 --- [main] o.s.w.s.handler.SimpleUrlHandlerMapping  : Patterns [/webjars/**, /**] in 'resourceHandlerMapping'
2024-08-14T03:06:03.006+03:00 DEBUG 172352 --- [main] o.s.s.web.DefaultSecurityFilterChain     : Will secure any request with filters: DisableEncodeUrlFilter, WebAsyncManagerIntegrationFilter, SecurityContextHolderFilter, HeaderWriterFilter, CorsFilter, LogoutFilter, ProfileCompletionFilter, UsernamePasswordAuthenticationFilter, RequestCacheAwareFilter, SecurityContextHolderAwareRequestFilter, AnonymousAuthenticationFilter, ExceptionTranslationFilter, AuthorizationFilter
2024-08-14T03:06:03.080+03:00 DEBUG 172352 --- [main] s.w.s.m.m.a.RequestMappingHandlerAdapter : ControllerAdvice beans: 0 @ModelAttribute, 0 @InitBinder, 1 RequestBodyAdvice, 1 ResponseBodyAdvice
2024-08-14T03:06:03.150+03:00 DEBUG 172352 --- [main] .m.m.a.ExceptionHandlerExceptionResolver : ControllerAdvice beans: 1 @ExceptionHandler, 1 ResponseBodyAdvice
2024-08-14T03:06:03.362+03:00 DEBUG 172352 --- [main] o.s.w.s.v.f.FreeMarkerConfigurer         : File system access not preferred: using SpringTemplateLoader
2024-08-14T03:06:03.462+03:00  INFO 172352 --- [main] o.s.b.w.embedded.tomcat.TomcatWebServer  : Tomcat started on port 8080 (http) with context path '/'
2024-08-14T03:06:03.472+03:00  INFO 172352 --- [main] c.e.e.EmployeeWorkplaceApplication       : Started EmployeeWorkplaceApplication in 6.824 seconds (process running for 7.645)
2024-08-14T03:06:13.122+03:00  INFO 172352 --- [http-nio-8080-exec-1] o.a.c.c.C.[Tomcat].[localhost].[/]       : Initializing Spring DispatcherServlet 'dispatcherServlet'
2024-08-14T03:06:13.122+03:00  INFO 172352 --- [http-nio-8080-exec-1] o.s.web.servlet.DispatcherServlet        : Initializing Servlet 'dispatcherServlet'
2024-08-14T03:06:13.123+03:00 DEBUG 172352 --- [http-nio-8080-exec-1] o.s.web.servlet.DispatcherServlet        : Detected StandardServletMultipartResolver
2024-08-14T03:06:13.123+03:00 DEBUG 172352 --- [http-nio-8080-exec-1] o.s.web.servlet.DispatcherServlet        : Detected AcceptHeaderLocaleResolver
2024-08-14T03:06:13.123+03:00 DEBUG 172352 --- [http-nio-8080-exec-1] o.s.web.servlet.DispatcherServlet        : Detected FixedThemeResolver
2024-08-14T03:06:13.126+03:00 DEBUG 172352 --- [http-nio-8080-exec-1] o.s.web.servlet.DispatcherServlet        : Detected org.springframework.web.servlet.view.DefaultRequestToViewNameTranslator@5069a91b
2024-08-14T03:06:13.128+03:00 DEBUG 172352 --- [http-nio-8080-exec-1] o.s.web.servlet.DispatcherServlet        : Detected org.springframework.web.servlet.support.SessionFlashMapManager@c680819
2024-08-14T03:06:13.129+03:00 DEBUG 172352 --- [http-nio-8080-exec-1] o.s.web.servlet.DispatcherServlet        : enableLoggingRequestDetails='false': request parameters and headers will be masked to prevent unsafe logging of potentially sensitive data
2024-08-14T03:06:13.130+03:00  INFO 172352 --- [http-nio-8080-exec-1] o.s.web.servlet.DispatcherServlet        : Completed initialization in 7 ms
2024-08-14T03:06:13.172+03:00 DEBUG 172352 --- [http-nio-8080-exec-1] o.s.security.web.FilterChainProxy        : Securing GET /profile/incomplete
2024-08-14T03:06:13.194+03:00 DEBUG 172352 --- [http-nio-8080-exec-1] o.s.s.w.a.AnonymousAuthenticationFilter  : Set SecurityContextHolder to anonymous SecurityContext
2024-08-14T03:06:13.256+03:00 DEBUG 172352 --- [http-nio-8080-exec-1] o.s.s.w.s.HttpSessionRequestCache        : Saved request http://localhost:8080/profile/incomplete?continue to session
2024-08-14T03:06:13.257+03:00 DEBUG 172352 --- [http-nio-8080-exec-1] o.s.s.web.DefaultRedirectStrategy        : Redirecting to http://localhost:8080/login
2024-08-14T03:06:13.264+03:00 DEBUG 172352 --- [http-nio-8080-exec-3] o.s.security.web.FilterChainProxy        : Securing GET /login
2024-08-14T03:06:13.265+03:00 DEBUG 172352 --- [http-nio-8080-exec-3] o.s.security.web.FilterChainProxy        : Secured GET /login
2024-08-14T03:06:13.265+03:00 DEBUG 172352 --- [http-nio-8080-exec-3] o.s.s.w.a.AnonymousAuthenticationFilter  : Set SecurityContextHolder to anonymous SecurityContext
2024-08-14T03:06:13.269+03:00 DEBUG 172352 --- [http-nio-8080-exec-3] o.s.web.servlet.DispatcherServlet        : GET "/login", parameters={}
2024-08-14T03:06:13.272+03:00 DEBUG 172352 --- [http-nio-8080-exec-3] s.w.s.m.m.a.RequestMappingHandlerMapping : Mapped to com.example.employeeworkplace.Controller.EmployeeWorkplaceController#login(Model, HttpServletRequest)
2024-08-14T03:06:13.473+03:00 DEBUG 172352 --- [http-nio-8080-exec-3] o.s.w.s.v.ContentNegotiatingViewResolver : Selected 'text/html' given [text/html, application/xhtml+xml, image/avif, image/webp, image/apng, application/xml;q=0.9, */*;q=0.8, application/signed-exchange;v=b3;q=0.7]
2024-08-14T03:06:13.473+03:00 DEBUG 172352 --- [http-nio-8080-exec-3] o.s.w.s.view.freemarker.FreeMarkerView   : View name [login], model {request=SecurityContextHolderAwareRequestWrapper[ org.springframework.security.web.header.HeaderWriterFilter$HeaderWriterRequest@fa8083e], org.springframework.validation.BindingResult.request=org.springframework.validation.BeanPropertyBindingResult: 0 errors}
2024-08-14T03:06:13.476+03:00 DEBUG 172352 --- [http-nio-8080-exec-3] o.s.w.s.view.freemarker.FreeMarkerView   : Rendering [login.ftlh]
2024-08-14T03:06:13.541+03:00 DEBUG 172352 --- [http-nio-8080-exec-3] o.s.web.servlet.DispatcherServlet        : Completed 200 OK
2024-08-14T03:06:13.564+03:00 DEBUG 172352 --- [http-nio-8080-exec-2] o.s.security.web.FilterChainProxy        : Securing GET /css/HomeStyle.css
2024-08-14T03:06:13.565+03:00 DEBUG 172352 --- [http-nio-8080-exec-2] o.s.security.web.FilterChainProxy        : Secured GET /css/HomeStyle.css
2024-08-14T03:06:13.565+03:00 DEBUG 172352 --- [http-nio-8080-exec-2] o.s.s.w.a.AnonymousAuthenticationFilter  : Set SecurityContextHolder to anonymous SecurityContext
2024-08-14T03:06:13.565+03:00 DEBUG 172352 --- [http-nio-8080-exec-2] o.s.web.servlet.DispatcherServlet        : GET "/css/HomeStyle.css", parameters={}
2024-08-14T03:06:13.567+03:00 DEBUG 172352 --- [http-nio-8080-exec-2] o.s.w.s.handler.SimpleUrlHandlerMapping  : Mapped to ResourceHttpRequestHandler [classpath [META-INF/resources/], classpath [resources/], classpath [static/], classpath [public/], ServletContext [/]]
2024-08-14T03:06:13.579+03:00 DEBUG 172352 --- [http-nio-8080-exec-2] o.s.web.servlet.DispatcherServlet        : Completed 200 OK
2024-08-14T03:06:14.676+03:00 DEBUG 172352 --- [http-nio-8080-exec-4] o.s.security.web.FilterChainProxy        : Securing POST /login
2024-08-14T03:06:14.926+03:00 DEBUG 172352 --- [http-nio-8080-exec-4] o.s.s.a.dao.DaoAuthenticationProvider    : Authenticated user
2024-08-14T03:06:14.927+03:00 DEBUG 172352 --- [http-nio-8080-exec-4] .s.ChangeSessionIdAuthenticationStrategy : Changed session id from 8ED44D9ACD7C6DC28CF62CC79D6100D2
2024-08-14T03:06:14.928+03:00 DEBUG 172352 --- [http-nio-8080-exec-4] w.c.HttpSessionSecurityContextRepository : Stored SecurityContextImpl [Authentication=UsernamePasswordAuthenticationToken [Principal=org.springframework.security.core.userdetails.User [Username=admin, Password=[PROTECTED], Enabled=true, AccountNonExpired=true, CredentialsNonExpired=true, AccountNonLocked=true, Granted Authorities=[]], Credentials=[PROTECTED], Authenticated=true, Details=WebAuthenticationDetails [RemoteIpAddress=0:0:0:0:0:0:0:1, SessionId=8ED44D9ACD7C6DC28CF62CC79D6100D2], Granted Authorities=[]]] to HttpSession [org.apache.catalina.session.StandardSessionFacade@1806c052]
2024-08-14T03:06:14.929+03:00 DEBUG 172352 --- [http-nio-8080-exec-4] w.a.UsernamePasswordAuthenticationFilter : Set SecurityContextHolder to UsernamePasswordAuthenticationToken [Principal=org.springframework.security.core.userdetails.User [Username=admin, Password=[PROTECTED], Enabled=true, AccountNonExpired=true, CredentialsNonExpired=true, AccountNonLocked=true, Granted Authorities=[]], Credentials=[PROTECTED], Authenticated=true, Details=WebAuthenticationDetails [RemoteIpAddress=0:0:0:0:0:0:0:1, SessionId=8ED44D9ACD7C6DC28CF62CC79D6100D2], Granted Authorities=[]]
2024-08-14T03:06:14.929+03:00 DEBUG 172352 --- [http-nio-8080-exec-4] o.s.s.web.DefaultRedirectStrategy        : Redirecting to /
2024-08-14T03:06:14.935+03:00 DEBUG 172352 --- [http-nio-8080-exec-5] o.s.security.web.FilterChainProxy        : Securing GET /
2024-08-14T03:06:14.936+03:00 DEBUG 172352 --- [http-nio-8080-exec-5] w.c.HttpSessionSecurityContextRepository : Retrieved SecurityContextImpl [Authentication=UsernamePasswordAuthenticationToken [Principal=org.springframework.security.core.userdetails.User [Username=admin, Password=[PROTECTED], Enabled=true, AccountNonExpired=true, CredentialsNonExpired=true, AccountNonLocked=true, Granted Authorities=[]], Credentials=[PROTECTED], Authenticated=true, Details=WebAuthenticationDetails [RemoteIpAddress=0:0:0:0:0:0:0:1, SessionId=8ED44D9ACD7C6DC28CF62CC79D6100D2], Granted Authorities=[]]]
2024-08-14T03:06:14.936+03:00 DEBUG 172352 --- [http-nio-8080-exec-5] o.s.security.web.FilterChainProxy        : Secured GET /
2024-08-14T03:06:14.943+03:00 DEBUG 172352 --- [http-nio-8080-exec-6] o.s.security.web.FilterChainProxy        : Securing GET /profile/incomplete
2024-08-14T03:06:14.943+03:00 DEBUG 172352 --- [http-nio-8080-exec-6] w.c.HttpSessionSecurityContextRepository : Retrieved SecurityContextImpl [Authentication=UsernamePasswordAuthenticationToken [Principal=org.springframework.security.core.userdetails.User [Username=admin, Password=[PROTECTED], Enabled=true, AccountNonExpired=true, CredentialsNonExpired=true, AccountNonLocked=true, Granted Authorities=[]], Credentials=[PROTECTED], Authenticated=true, Details=WebAuthenticationDetails [RemoteIpAddress=0:0:0:0:0:0:0:1, SessionId=8ED44D9ACD7C6DC28CF62CC79D6100D2], Granted Authorities=[]]]
2024-08-14T03:06:14.943+03:00 DEBUG 172352 --- [http-nio-8080-exec-6] o.s.security.web.FilterChainProxy        : Secured GET /profile/incomplete
2024-08-14T03:06:14.946+03:00 DEBUG 172352 --- [http-nio-8080-exec-6] o.s.web.servlet.DispatcherServlet        : GET "/profile/incomplete", parameters={}
2024-08-14T03:06:14.947+03:00 DEBUG 172352 --- [http-nio-8080-exec-6] s.w.s.m.m.a.RequestMappingHandlerMapping : Mapped to com.example.employeeworkplace.Controller.ProfileСompletionController#showIncompleteProfileForm(Model, Principal)
2024-08-14T03:06:14.948+03:00 DEBUG 172352 --- [http-nio-8080-exec-6] c.e.e.Controller.ProfileController       : Fetching user details for profile completion. Username: admin
2024-08-14T03:06:14.951+03:00 DEBUG 172352 --- [http-nio-8080-exec-6] c.e.e.Controller.ProfileController       : Incomplete profile form displayed for user: admin
2024-08-14T03:06:14.957+03:00 DEBUG 172352 --- [http-nio-8080-exec-6] o.s.w.s.v.ContentNegotiatingViewResolver : Selected 'text/html' given [text/html, application/xhtml+xml, image/avif, image/webp, image/apng, application/xml;q=0.9, */*;q=0.8, application/signed-exchange;v=b3;q=0.7]
2024-08-14T03:06:14.962+03:00 DEBUG 172352 --- [http-nio-8080-exec-6] o.s.w.s.view.freemarker.FreeMarkerView   : View name [ProfileIncomplete], model {user=User(id=4, username=admin, password=$2a$10$afGS6DYCLoXySMAQzNAbdOMw0Plualtm8gfJ85VkaTBN9mf1ht6W2, fullName=Admin User, position=admin, birthDate=2000-01-01, email=admin@admin.ru, phoneNumber=, profilePhoto=), formattedBirthDate=2000-01-01, isFullNameMissing=false, isPositionMissing=false, isBirthDateMissing=false, isEmailMissing=false, isPhoneNumberMissing=false, isProfilePhotoMissing=false, org.springframework.validation.BindingResult.user=org.springframework.validation.BeanPropertyBindingResult: 0 errors}
2024-08-14T03:06:14.962+03:00 DEBUG 172352 --- [http-nio-8080-exec-6] o.s.w.s.view.freemarker.FreeMarkerView   : Rendering [ProfileIncomplete.ftlh]
2024-08-14T03:06:14.971+03:00 DEBUG 172352 --- [http-nio-8080-exec-6] o.s.web.servlet.DispatcherServlet        : Completed 200 OK
2024-08-14T03:06:14.987+03:00 DEBUG 172352 --- [http-nio-8080-exec-7] o.s.security.web.FilterChainProxy        : Securing GET /css/HomeStyle.css
2024-08-14T03:06:14.988+03:00 DEBUG 172352 --- [http-nio-8080-exec-7] o.s.security.web.FilterChainProxy        : Secured GET /css/HomeStyle.css
2024-08-14T03:06:14.988+03:00 DEBUG 172352 --- [http-nio-8080-exec-7] w.c.HttpSessionSecurityContextRepository : Retrieved SecurityContextImpl [Authentication=UsernamePasswordAuthenticationToken [Principal=org.springframework.security.core.userdetails.User [Username=admin, Password=[PROTECTED], Enabled=true, AccountNonExpired=true, CredentialsNonExpired=true, AccountNonLocked=true, Granted Authorities=[]], Credentials=[PROTECTED], Authenticated=true, Details=WebAuthenticationDetails [RemoteIpAddress=0:0:0:0:0:0:0:1, SessionId=8ED44D9ACD7C6DC28CF62CC79D6100D2], Granted Authorities=[]]]
2024-08-14T03:06:14.995+03:00 DEBUG 172352 --- [http-nio-8080-exec-8] o.s.security.web.FilterChainProxy        : Securing GET /profile/incomplete
2024-08-14T03:06:14.995+03:00 DEBUG 172352 --- [http-nio-8080-exec-8] w.c.HttpSessionSecurityContextRepository : Retrieved SecurityContextImpl [Authentication=UsernamePasswordAuthenticationToken [Principal=org.springframework.security.core.userdetails.User [Username=admin, Password=[PROTECTED], Enabled=true, AccountNonExpired=true, CredentialsNonExpired=true, AccountNonLocked=true, Granted Authorities=[]], Credentials=[PROTECTED], Authenticated=true, Details=WebAuthenticationDetails [RemoteIpAddress=0:0:0:0:0:0:0:1, SessionId=8ED44D9ACD7C6DC28CF62CC79D6100D2], Granted Authorities=[]]]
2024-08-14T03:06:14.995+03:00 DEBUG 172352 --- [http-nio-8080-exec-8] o.s.security.web.FilterChainProxy        : Secured GET /profile/incomplete
2024-08-14T03:06:14.998+03:00 DEBUG 172352 --- [http-nio-8080-exec-8] o.s.web.servlet.DispatcherServlet        : GET "/profile/incomplete", parameters={}
2024-08-14T03:06:14.999+03:00 DEBUG 172352 --- [http-nio-8080-exec-8] s.w.s.m.m.a.RequestMappingHandlerMapping : Mapped to com.example.employeeworkplace.Controller.ProfileСompletionController#showIncompleteProfileForm(Model, Principal)
2024-08-14T03:06:14.999+03:00 DEBUG 172352 --- [http-nio-8080-exec-8] c.e.e.Controller.ProfileController       : Fetching user details for profile completion. Username: admin
2024-08-14T03:06:15.001+03:00 DEBUG 172352 --- [http-nio-8080-exec-8] c.e.e.Controller.ProfileController       : Incomplete profile form displayed for user: admin
2024-08-14T03:06:15.004+03:00 DEBUG 172352 --- [http-nio-8080-exec-8] o.s.w.s.v.ContentNegotiatingViewResolver : Selected '*/*' given [text/css, */*;q=0.1]
2024-08-14T03:06:15.004+03:00 DEBUG 172352 --- [http-nio-8080-exec-8] o.s.w.s.view.freemarker.FreeMarkerView   : View name [ProfileIncomplete], model {user=User(id=4, username=admin, password=$2a$10$afGS6DYCLoXySMAQzNAbdOMw0Plualtm8gfJ85VkaTBN9mf1ht6W2, fullName=Admin User, position=admin, birthDate=2000-01-01, email=admin@admin.ru, phoneNumber=, profilePhoto=), formattedBirthDate=2000-01-01, isFullNameMissing=false, isPositionMissing=false, isBirthDateMissing=false, isEmailMissing=false, isPhoneNumberMissing=false, isProfilePhotoMissing=false, org.springframework.validation.BindingResult.user=org.springframework.validation.BeanPropertyBindingResult: 0 errors}
2024-08-14T03:06:15.004+03:00 DEBUG 172352 --- [http-nio-8080-exec-8] o.s.w.s.view.freemarker.FreeMarkerView   : Rendering [ProfileIncomplete.ftlh]
2024-08-14T03:06:15.005+03:00 DEBUG 172352 --- [http-nio-8080-exec-8] o.s.web.servlet.DispatcherServlet        : Completed 200 OK
2024-08-14T03:06:20.466+03:00 DEBUG 172352 --- [http-nio-8080-exec-9] o.s.security.web.FilterChainProxy        : Securing POST /profile/update
2024-08-14T03:06:20.467+03:00 DEBUG 172352 --- [http-nio-8080-exec-9] w.c.HttpSessionSecurityContextRepository : Retrieved SecurityContextImpl [Authentication=UsernamePasswordAuthenticationToken [Principal=org.springframework.security.core.userdetails.User [Username=admin, Password=[PROTECTED], Enabled=true, AccountNonExpired=true, CredentialsNonExpired=true, AccountNonLocked=true, Granted Authorities=[]], Credentials=[PROTECTED], Authenticated=true, Details=WebAuthenticationDetails [RemoteIpAddress=0:0:0:0:0:0:0:1, SessionId=8ED44D9ACD7C6DC28CF62CC79D6100D2], Granted Authorities=[]]]
2024-08-14T03:06:20.468+03:00 DEBUG 172352 --- [http-nio-8080-exec-9] o.s.security.web.FilterChainProxy        : Secured POST /profile/update
2024-08-14T03:06:20.481+03:00 DEBUG 172352 --- [http-nio-8080-exec-10] o.s.security.web.FilterChainProxy        : Securing GET /profile/incomplete
2024-08-14T03:06:20.483+03:00 DEBUG 172352 --- [http-nio-8080-exec-10] w.c.HttpSessionSecurityContextRepository : Retrieved SecurityContextImpl [Authentication=UsernamePasswordAuthenticationToken [Principal=org.springframework.security.core.userdetails.User [Username=admin, Password=[PROTECTED], Enabled=true, AccountNonExpired=true, CredentialsNonExpired=true, AccountNonLocked=true, Granted Authorities=[]], Credentials=[PROTECTED], Authenticated=true, Details=WebAuthenticationDetails [RemoteIpAddress=0:0:0:0:0:0:0:1, SessionId=8ED44D9ACD7C6DC28CF62CC79D6100D2], Granted Authorities=[]]]
2024-08-14T03:06:20.483+03:00 DEBUG 172352 --- [http-nio-8080-exec-10] o.s.security.web.FilterChainProxy        : Secured GET /profile/incomplete
2024-08-14T03:06:20.486+03:00 DEBUG 172352 --- [http-nio-8080-exec-10] o.s.web.servlet.DispatcherServlet        : GET "/profile/incomplete", parameters={}
2024-08-14T03:06:20.487+03:00 DEBUG 172352 --- [http-nio-8080-exec-10] s.w.s.m.m.a.RequestMappingHandlerMapping : Mapped to com.example.employeeworkplace.Controller.ProfileСompletionController#showIncompleteProfileForm(Model, Principal)
2024-08-14T03:06:20.487+03:00 DEBUG 172352 --- [http-nio-8080-exec-10] c.e.e.Controller.ProfileController       : Fetching user details for profile completion. Username: admin
2024-08-14T03:06:20.490+03:00 DEBUG 172352 --- [http-nio-8080-exec-10] c.e.e.Controller.ProfileController       : Incomplete profile form displayed for user: admin
2024-08-14T03:06:20.492+03:00 DEBUG 172352 --- [http-nio-8080-exec-10] o.s.w.s.v.ContentNegotiatingViewResolver : Selected 'text/html' given [text/html, application/xhtml+xml, image/avif, image/webp, image/apng, application/xml;q=0.9, */*;q=0.8, application/signed-exchange;v=b3;q=0.7]
2024-08-14T03:06:20.493+03:00 DEBUG 172352 --- [http-nio-8080-exec-10] o.s.w.s.view.freemarker.FreeMarkerView   : View name [ProfileIncomplete], model {user=User(id=4, username=admin, password=$2a$10$afGS6DYCLoXySMAQzNAbdOMw0Plualtm8gfJ85VkaTBN9mf1ht6W2, fullName=Admin User, position=admin, birthDate=2000-01-01, email=admin@admin.ru, phoneNumber=, profilePhoto=), formattedBirthDate=2000-01-01, isFullNameMissing=false, isPositionMissing=false, isBirthDateMissing=false, isEmailMissing=false, isPhoneNumberMissing=false, isProfilePhotoMissing=false, org.springframework.validation.BindingResult.user=org.springframework.validation.BeanPropertyBindingResult: 0 errors}
2024-08-14T03:06:20.493+03:00 DEBUG 172352 --- [http-nio-8080-exec-10] o.s.w.s.view.freemarker.FreeMarkerView   : Rendering [ProfileIncomplete.ftlh]
2024-08-14T03:06:20.494+03:00 DEBUG 172352 --- [http-nio-8080-exec-10] o.s.web.servlet.DispatcherServlet        : Completed 200 OK
2024-08-14T03:06:20.508+03:00 DEBUG 172352 --- [http-nio-8080-exec-1] o.s.security.web.FilterChainProxy        : Securing GET /css/HomeStyle.css
2024-08-14T03:06:20.508+03:00 DEBUG 172352 --- [http-nio-8080-exec-1] o.s.security.web.FilterChainProxy        : Secured GET /css/HomeStyle.css
2024-08-14T03:06:20.509+03:00 DEBUG 172352 --- [http-nio-8080-exec-1] w.c.HttpSessionSecurityContextRepository : Retrieved SecurityContextImpl [Authentication=UsernamePasswordAuthenticationToken [Principal=org.springframework.security.core.userdetails.User [Username=admin, Password=[PROTECTED], Enabled=true, AccountNonExpired=true, CredentialsNonExpired=true, AccountNonLocked=true, Granted Authorities=[]], Credentials=[PROTECTED], Authenticated=true, Details=WebAuthenticationDetails [RemoteIpAddress=0:0:0:0:0:0:0:1, SessionId=8ED44D9ACD7C6DC28CF62CC79D6100D2], Granted Authorities=[]]]
2024-08-14T03:06:20.515+03:00 DEBUG 172352 --- [http-nio-8080-exec-3] o.s.security.web.FilterChainProxy        : Securing GET /profile/incomplete
2024-08-14T03:06:20.516+03:00 DEBUG 172352 --- [http-nio-8080-exec-3] w.c.HttpSessionSecurityContextRepository : Retrieved SecurityContextImpl [Authentication=UsernamePasswordAuthenticationToken [Principal=org.springframework.security.core.userdetails.User [Username=admin, Password=[PROTECTED], Enabled=true, AccountNonExpired=true, CredentialsNonExpired=true, AccountNonLocked=true, Granted Authorities=[]], Credentials=[PROTECTED], Authenticated=true, Details=WebAuthenticationDetails [RemoteIpAddress=0:0:0:0:0:0:0:1, SessionId=8ED44D9ACD7C6DC28CF62CC79D6100D2], Granted Authorities=[]]]
2024-08-14T03:06:20.516+03:00 DEBUG 172352 --- [http-nio-8080-exec-3] o.s.security.web.FilterChainProxy        : Secured GET /profile/incomplete
2024-08-14T03:06:20.518+03:00 DEBUG 172352 --- [http-nio-8080-exec-3] o.s.web.servlet.DispatcherServlet        : GET "/profile/incomplete", parameters={}
2024-08-14T03:06:20.519+03:00 DEBUG 172352 --- [http-nio-8080-exec-3] s.w.s.m.m.a.RequestMappingHandlerMapping : Mapped to com.example.employeeworkplace.Controller.ProfileСompletionController#showIncompleteProfileForm(Model, Principal)
2024-08-14T03:06:20.519+03:00 DEBUG 172352 --- [http-nio-8080-exec-3] c.e.e.Controller.ProfileController       : Fetching user details for profile completion. Username: admin
2024-08-14T03:06:20.522+03:00 DEBUG 172352 --- [http-nio-8080-exec-3] c.e.e.Controller.ProfileController       : Incomplete profile form displayed for user: admin
2024-08-14T03:06:20.523+03:00 DEBUG 172352 --- [http-nio-8080-exec-3] o.s.w.s.v.ContentNegotiatingViewResolver : Selected '*/*' given [text/css, */*;q=0.1]
2024-08-14T03:06:20.523+03:00 DEBUG 172352 --- [http-nio-8080-exec-3] o.s.w.s.view.freemarker.FreeMarkerView   : View name [ProfileIncomplete], model {user=User(id=4, username=admin, password=$2a$10$afGS6DYCLoXySMAQzNAbdOMw0Plualtm8gfJ85VkaTBN9mf1ht6W2, fullName=Admin User, position=admin, birthDate=2000-01-01, email=admin@admin.ru, phoneNumber=, profilePhoto=), formattedBirthDate=2000-01-01, isFullNameMissing=false, isPositionMissing=false, isBirthDateMissing=false, isEmailMissing=false, isPhoneNumberMissing=false, isProfilePhotoMissing=false, org.springframework.validation.BindingResult.user=org.springframework.validation.BeanPropertyBindingResult: 0 errors}
2024-08-14T03:06:20.523+03:00 DEBUG 172352 --- [http-nio-8080-exec-3] o.s.w.s.view.freemarker.FreeMarkerView   : Rendering [ProfileIncomplete.ftlh]
2024-08-14T03:06:20.524+03:00 DEBUG 172352 --- [http-nio-8080-exec-3] o.s.web.servlet.DispatcherServlet        : Completed 200 OK
2024-08-14T03:07:29.060+03:00 DEBUG 172352 --- [http-nio-8080-exec-5] o.s.security.web.FilterChainProxy        : Securing POST /profile/update
2024-08-14T03:07:29.060+03:00 DEBUG 172352 --- [http-nio-8080-exec-5] w.c.HttpSessionSecurityContextRepository : Retrieved SecurityContextImpl [Authentication=UsernamePasswordAuthenticationToken [Principal=org.springframework.security.core.userdetails.User [Username=admin, Password=[PROTECTED], Enabled=true, AccountNonExpired=true, CredentialsNonExpired=true, AccountNonLocked=true, Granted Authorities=[]], Credentials=[PROTECTED], Authenticated=true, Details=WebAuthenticationDetails [RemoteIpAddress=0:0:0:0:0:0:0:1, SessionId=8ED44D9ACD7C6DC28CF62CC79D6100D2], Granted Authorities=[]]]
2024-08-14T03:07:29.060+03:00 DEBUG 172352 --- [http-nio-8080-exec-5] o.s.security.web.FilterChainProxy        : Secured POST /profile/update
2024-08-14T03:07:29.067+03:00 DEBUG 172352 --- [http-nio-8080-exec-6] o.s.security.web.FilterChainProxy        : Securing GET /profile/incomplete
2024-08-14T03:07:29.067+03:00 DEBUG 172352 --- [http-nio-8080-exec-6] w.c.HttpSessionSecurityContextRepository : Retrieved SecurityContextImpl [Authentication=UsernamePasswordAuthenticationToken [Principal=org.springframework.security.core.userdetails.User [Username=admin, Password=[PROTECTED], Enabled=true, AccountNonExpired=true, CredentialsNonExpired=true, AccountNonLocked=true, Granted Authorities=[]], Credentials=[PROTECTED], Authenticated=true, Details=WebAuthenticationDetails [RemoteIpAddress=0:0:0:0:0:0:0:1, SessionId=8ED44D9ACD7C6DC28CF62CC79D6100D2], Granted Authorities=[]]]
2024-08-14T03:07:29.068+03:00 DEBUG 172352 --- [http-nio-8080-exec-6] o.s.security.web.FilterChainProxy        : Secured GET /profile/incomplete
2024-08-14T03:07:29.071+03:00 DEBUG 172352 --- [http-nio-8080-exec-6] o.s.web.servlet.DispatcherServlet        : GET "/profile/incomplete", parameters={}
2024-08-14T03:07:29.072+03:00 DEBUG 172352 --- [http-nio-8080-exec-6] s.w.s.m.m.a.RequestMappingHandlerMapping : Mapped to com.example.employeeworkplace.Controller.ProfileСompletionController#showIncompleteProfileForm(Model, Principal)
2024-08-14T03:07:29.073+03:00 DEBUG 172352 --- [http-nio-8080-exec-6] c.e.e.Controller.ProfileController       : Fetching user details for profile completion. Username: admin
2024-08-14T03:07:29.077+03:00 DEBUG 172352 --- [http-nio-8080-exec-6] c.e.e.Controller.ProfileController       : Incomplete profile form displayed for user: admin
2024-08-14T03:07:29.080+03:00 DEBUG 172352 --- [http-nio-8080-exec-6] o.s.w.s.v.ContentNegotiatingViewResolver : Selected 'text/html' given [text/html, application/xhtml+xml, image/avif, image/webp, image/apng, application/xml;q=0.9, */*;q=0.8, application/signed-exchange;v=b3;q=0.7]
2024-08-14T03:07:29.080+03:00 DEBUG 172352 --- [http-nio-8080-exec-6] o.s.w.s.view.freemarker.FreeMarkerView   : View name [ProfileIncomplete], model {user=User(id=4, username=admin, password=$2a$10$afGS6DYCLoXySMAQzNAbdOMw0Plualtm8gfJ85VkaTBN9mf1ht6W2, fullName=Admin User, position=admin, birthDate=2000-01-01, email=admin@admin.ru, phoneNumber=, profilePhoto=), formattedBirthDate=2000-01-01, isFullNameMissing=false, isPositionMissing=false, isBirthDateMissing=false, isEmailMissing=false, isPhoneNumberMissing=false, isProfilePhotoMissing=false, org.springframework.validation.BindingResult.user=org.springframework.validation.BeanPropertyBindingResult: 0 errors}
2024-08-14T03:07:29.080+03:00 DEBUG 172352 --- [http-nio-8080-exec-6] o.s.w.s.view.freemarker.FreeMarkerView   : Rendering [ProfileIncomplete.ftlh]
2024-08-14T03:07:29.081+03:00 DEBUG 172352 --- [http-nio-8080-exec-6] o.s.web.servlet.DispatcherServlet        : Completed 200 OK
2024-08-14T03:07:29.101+03:00 DEBUG 172352 --- [http-nio-8080-exec-7] o.s.security.web.FilterChainProxy        : Securing GET /css/HomeStyle.css
2024-08-14T03:07:29.102+03:00 DEBUG 172352 --- [http-nio-8080-exec-7] o.s.security.web.FilterChainProxy        : Secured GET /css/HomeStyle.css
2024-08-14T03:07:29.102+03:00 DEBUG 172352 --- [http-nio-8080-exec-7] w.c.HttpSessionSecurityContextRepository : Retrieved SecurityContextImpl [Authentication=UsernamePasswordAuthenticationToken [Principal=org.springframework.security.core.userdetails.User [Username=admin, Password=[PROTECTED], Enabled=true, AccountNonExpired=true, CredentialsNonExpired=true, AccountNonLocked=true, Granted Authorities=[]], Credentials=[PROTECTED], Authenticated=true, Details=WebAuthenticationDetails [RemoteIpAddress=0:0:0:0:0:0:0:1, SessionId=8ED44D9ACD7C6DC28CF62CC79D6100D2], Granted Authorities=[]]]
2024-08-14T03:07:29.110+03:00 DEBUG 172352 --- [http-nio-8080-exec-8] o.s.security.web.FilterChainProxy        : Securing GET /profile/incomplete
2024-08-14T03:07:29.110+03:00 DEBUG 172352 --- [http-nio-8080-exec-8] w.c.HttpSessionSecurityContextRepository : Retrieved SecurityContextImpl [Authentication=UsernamePasswordAuthenticationToken [Principal=org.springframework.security.core.userdetails.User [Username=admin, Password=[PROTECTED], Enabled=true, AccountNonExpired=true, CredentialsNonExpired=true, AccountNonLocked=true, Granted Authorities=[]], Credentials=[PROTECTED], Authenticated=true, Details=WebAuthenticationDetails [RemoteIpAddress=0:0:0:0:0:0:0:1, SessionId=8ED44D9ACD7C6DC28CF62CC79D6100D2], Granted Authorities=[]]]
2024-08-14T03:07:29.111+03:00 DEBUG 172352 --- [http-nio-8080-exec-8] o.s.security.web.FilterChainProxy        : Secured GET /profile/incomplete
2024-08-14T03:07:29.113+03:00 DEBUG 172352 --- [http-nio-8080-exec-8] o.s.web.servlet.DispatcherServlet        : GET "/profile/incomplete", parameters={}
2024-08-14T03:07:29.114+03:00 DEBUG 172352 --- [http-nio-8080-exec-8] s.w.s.m.m.a.RequestMappingHandlerMapping : Mapped to com.example.employeeworkplace.Controller.ProfileСompletionController#showIncompleteProfileForm(Model, Principal)
2024-08-14T03:07:29.114+03:00 DEBUG 172352 --- [http-nio-8080-exec-8] c.e.e.Controller.ProfileController       : Fetching user details for profile completion. Username: admin
2024-08-14T03:07:29.117+03:00 DEBUG 172352 --- [http-nio-8080-exec-8] c.e.e.Controller.ProfileController       : Incomplete profile form displayed for user: admin
2024-08-14T03:07:29.118+03:00 DEBUG 172352 --- [http-nio-8080-exec-8] o.s.w.s.v.ContentNegotiatingViewResolver : Selected '*/*' given [text/css, */*;q=0.1]
2024-08-14T03:07:29.118+03:00 DEBUG 172352 --- [http-nio-8080-exec-8] o.s.w.s.view.freemarker.FreeMarkerView   : View name [ProfileIncomplete], model {user=User(id=4, username=admin, password=$2a$10$afGS6DYCLoXySMAQzNAbdOMw0Plualtm8gfJ85VkaTBN9mf1ht6W2, fullName=Admin User, position=admin, birthDate=2000-01-01, email=admin@admin.ru, phoneNumber=, profilePhoto=), formattedBirthDate=2000-01-01, isFullNameMissing=false, isPositionMissing=false, isBirthDateMissing=false, isEmailMissing=false, isPhoneNumberMissing=false, isProfilePhotoMissing=false, org.springframework.validation.BindingResult.user=org.springframework.validation.BeanPropertyBindingResult: 0 errors}
2024-08-14T03:07:29.118+03:00 DEBUG 172352 --- [http-nio-8080-exec-8] o.s.w.s.view.freemarker.FreeMarkerView   : Rendering [ProfileIncomplete.ftlh]
2024-08-14T03:07:29.121+03:00 DEBUG 172352 --- [http-nio-8080-exec-8] o.s.web.servlet.DispatcherServlet        : Completed 200 OK
2024-08-14T03:07:40.559+03:00  INFO 172352 --- [SpringApplicationShutdownHook] j.LocalContainerEntityManagerFactoryBean : Closing JPA EntityManagerFactory for persistence unit 'default'
2024-08-14T03:07:40.562+03:00  INFO 172352 --- [SpringApplicationShutdownHook] com.zaxxer.hikari.HikariDataSource       : HikariPool-1 - Shutdown initiated...
2024-08-14T03:07:40.566+03:00  INFO 172352 --- [SpringApplicationShutdownHook] com.zaxxer.hikari.HikariDataSource       : HikariPool-1 - Shutdown completed.
2024-08-14T03:07:44.358+03:00  INFO 171668 --- [main] c.e.e.EmployeeWorkplaceApplication       : Starting EmployeeWorkplaceApplication using Java 17.0.12 with PID 171668 (C:\Users\laptop\IdeaProjects\Employee workplace\target\classes started by laptop in C:\Users\laptop\IdeaProjects\Employee workplace)
2024-08-14T03:07:44.362+03:00 DEBUG 171668 --- [main] c.e.e.EmployeeWorkplaceApplication       : Running with Spring Boot v3.3.2, Spring v6.1.11
2024-08-14T03:07:44.363+03:00  INFO 171668 --- [main] c.e.e.EmployeeWorkplaceApplication       : No active profile set, falling back to 1 default profile: "default"
2024-08-14T03:07:45.282+03:00  INFO 171668 --- [main] .s.d.r.c.RepositoryConfigurationDelegate : Bootstrapping Spring Data JPA repositories in DEFAULT mode.
2024-08-14T03:07:45.361+03:00  INFO 171668 --- [main] .s.d.r.c.RepositoryConfigurationDelegate : Finished Spring Data repository scanning in 69 ms. Found 5 JPA repository interfaces.
2024-08-14T03:07:46.021+03:00  INFO 171668 --- [main] o.s.b.w.embedded.tomcat.TomcatWebServer  : Tomcat initialized with port 8080 (http)
2024-08-14T03:07:46.038+03:00  INFO 171668 --- [main] o.apache.catalina.core.StandardService   : Starting service [Tomcat]
2024-08-14T03:07:46.039+03:00  INFO 171668 --- [main] o.apache.catalina.core.StandardEngine    : Starting Servlet engine: [Apache Tomcat/10.1.26]
2024-08-14T03:07:46.117+03:00  INFO 171668 --- [main] o.a.c.c.C.[Tomcat].[localhost].[/]       : Initializing Spring embedded WebApplicationContext
2024-08-14T03:07:46.117+03:00  INFO 171668 --- [main] w.s.c.ServletWebServerApplicationContext : Root WebApplicationContext: initialization completed in 1688 ms
2024-08-14T03:07:46.300+03:00  INFO 171668 --- [main] o.hibernate.jpa.internal.util.LogHelper  : HHH000204: Processing PersistenceUnitInfo [name: default]
2024-08-14T03:07:46.363+03:00  INFO 171668 --- [main] org.hibernate.Version                    : HHH000412: Hibernate ORM core version 6.5.2.Final
2024-08-14T03:07:46.404+03:00  INFO 171668 --- [main] o.h.c.internal.RegionFactoryInitiator    : HHH000026: Second-level cache disabled
2024-08-14T03:07:46.790+03:00  INFO 171668 --- [main] o.s.o.j.p.SpringPersistenceUnitInfo      : No LoadTimeWeaver setup: ignoring JPA class transformer
2024-08-14T03:07:46.836+03:00  INFO 171668 --- [main] com.zaxxer.hikari.HikariDataSource       : HikariPool-1 - Starting...
2024-08-14T03:07:47.037+03:00  INFO 171668 --- [main] com.zaxxer.hikari.pool.HikariPool        : HikariPool-1 - Added connection org.postgresql.jdbc.PgConnection@77e9dca8
2024-08-14T03:07:47.039+03:00  INFO 171668 --- [main] com.zaxxer.hikari.HikariDataSource       : HikariPool-1 - Start completed.
2024-08-14T03:07:48.368+03:00  INFO 171668 --- [main] o.h.e.t.j.p.i.JtaPlatformInitiator       : HHH000489: No JTA platform available (set 'hibernate.transaction.jta.platform' to enable JTA platform integration)
2024-08-14T03:07:48.419+03:00  INFO 171668 --- [main] j.LocalContainerEntityManagerFactoryBean : Initialized JPA EntityManagerFactory for persistence unit 'default'
2024-08-14T03:07:48.771+03:00 DEBUG 171668 --- [main] o.s.web.filter.CharacterEncodingFilter   : Filter 'customCharacterEncodingFilter' configured for use
2024-08-14T03:07:49.605+03:00  WARN 171668 --- [main] JpaBaseConfiguration$JpaWebConfiguration : spring.jpa.open-in-view is enabled by default. Therefore, database queries may be performed during view rendering. Explicitly configure spring.jpa.open-in-view to disable this warning
2024-08-14T03:07:49.628+03:00  INFO 171668 --- [main] r$InitializeUserDetailsManagerConfigurer : Global AuthenticationManager configured with UserDetailsService bean with name userService
2024-08-14T03:07:49.788+03:00 DEBUG 171668 --- [main] s.w.s.m.m.a.RequestMappingHandlerMapping : 12 mappings in 'requestMappingHandlerMapping'
2024-08-14T03:07:49.928+03:00 DEBUG 171668 --- [main] o.s.w.s.handler.SimpleUrlHandlerMapping  : Patterns [/webjars/**, /**] in 'resourceHandlerMapping'
2024-08-14T03:07:49.983+03:00 DEBUG 171668 --- [main] o.s.s.web.DefaultSecurityFilterChain     : Will secure any request with filters: DisableEncodeUrlFilter, WebAsyncManagerIntegrationFilter, SecurityContextHolderFilter, HeaderWriterFilter, CorsFilter, LogoutFilter, ProfileCompletionFilter, UsernamePasswordAuthenticationFilter, RequestCacheAwareFilter, SecurityContextHolderAwareRequestFilter, AnonymousAuthenticationFilter, ExceptionTranslationFilter, AuthorizationFilter
2024-08-14T03:07:50.089+03:00 DEBUG 171668 --- [main] s.w.s.m.m.a.RequestMappingHandlerAdapter : ControllerAdvice beans: 0 @ModelAttribute, 0 @InitBinder, 1 RequestBodyAdvice, 1 ResponseBodyAdvice
2024-08-14T03:07:50.135+03:00 DEBUG 171668 --- [main] .m.m.a.ExceptionHandlerExceptionResolver : ControllerAdvice beans: 1 @ExceptionHandler, 1 ResponseBodyAdvice
2024-08-14T03:07:50.288+03:00 DEBUG 171668 --- [main] o.s.w.s.v.f.FreeMarkerConfigurer         : File system access not preferred: using SpringTemplateLoader
2024-08-14T03:07:50.397+03:00  INFO 171668 --- [main] o.s.b.w.embedded.tomcat.TomcatWebServer  : Tomcat started on port 8080 (http) with context path '/'
2024-08-14T03:07:50.410+03:00  INFO 171668 --- [main] c.e.e.EmployeeWorkplaceApplication       : Started EmployeeWorkplaceApplication in 6.731 seconds (process running for 7.661)
2024-08-14T03:07:56.566+03:00  INFO 171668 --- [http-nio-8080-exec-1] o.a.c.c.C.[Tomcat].[localhost].[/]       : Initializing Spring DispatcherServlet 'dispatcherServlet'
2024-08-14T03:07:56.566+03:00  INFO 171668 --- [http-nio-8080-exec-1] o.s.web.servlet.DispatcherServlet        : Initializing Servlet 'dispatcherServlet'
2024-08-14T03:07:56.567+03:00 DEBUG 171668 --- [http-nio-8080-exec-1] o.s.web.servlet.DispatcherServlet        : Detected StandardServletMultipartResolver
2024-08-14T03:07:56.567+03:00 DEBUG 171668 --- [http-nio-8080-exec-1] o.s.web.servlet.DispatcherServlet        : Detected AcceptHeaderLocaleResolver
2024-08-14T03:07:56.567+03:00 DEBUG 171668 --- [http-nio-8080-exec-1] o.s.web.servlet.DispatcherServlet        : Detected FixedThemeResolver
2024-08-14T03:07:56.568+03:00 DEBUG 171668 --- [http-nio-8080-exec-1] o.s.web.servlet.DispatcherServlet        : Detected org.springframework.web.servlet.view.DefaultRequestToViewNameTranslator@443d94ae
2024-08-14T03:07:56.569+03:00 DEBUG 171668 --- [http-nio-8080-exec-1] o.s.web.servlet.DispatcherServlet        : Detected org.springframework.web.servlet.support.SessionFlashMapManager@52cda4bd
2024-08-14T03:07:56.569+03:00 DEBUG 171668 --- [http-nio-8080-exec-1] o.s.web.servlet.DispatcherServlet        : enableLoggingRequestDetails='false': request parameters and headers will be masked to prevent unsafe logging of potentially sensitive data
2024-08-14T03:07:56.570+03:00  INFO 171668 --- [http-nio-8080-exec-1] o.s.web.servlet.DispatcherServlet        : Completed initialization in 3 ms
2024-08-14T03:07:56.589+03:00 DEBUG 171668 --- [http-nio-8080-exec-1] o.s.security.web.FilterChainProxy        : Securing POST /profile/update
2024-08-14T03:07:56.604+03:00 DEBUG 171668 --- [http-nio-8080-exec-1] o.s.s.w.a.AnonymousAuthenticationFilter  : Set SecurityContextHolder to anonymous SecurityContext
2024-08-14T03:07:56.650+03:00 DEBUG 171668 --- [http-nio-8080-exec-1] o.s.s.w.s.HttpSessionRequestCache        : Saved request http://localhost:8080/profile/update?continue to session
2024-08-14T03:07:56.651+03:00 DEBUG 171668 --- [http-nio-8080-exec-1] o.s.s.web.DefaultRedirectStrategy        : Redirecting to http://localhost:8080/login
2024-08-14T03:07:56.664+03:00 DEBUG 171668 --- [http-nio-8080-exec-2] o.s.security.web.FilterChainProxy        : Securing GET /login
2024-08-14T03:07:56.665+03:00 DEBUG 171668 --- [http-nio-8080-exec-2] o.s.security.web.FilterChainProxy        : Secured GET /login
2024-08-14T03:07:56.665+03:00 DEBUG 171668 --- [http-nio-8080-exec-2] o.s.s.w.a.AnonymousAuthenticationFilter  : Set SecurityContextHolder to anonymous SecurityContext
2024-08-14T03:07:56.667+03:00 DEBUG 171668 --- [http-nio-8080-exec-2] o.s.web.servlet.DispatcherServlet        : GET "/login", parameters={}
2024-08-14T03:07:56.670+03:00 DEBUG 171668 --- [http-nio-8080-exec-2] s.w.s.m.m.a.RequestMappingHandlerMapping : Mapped to com.example.employeeworkplace.Controller.EmployeeWorkplaceController#login(Model, HttpServletRequest)
2024-08-14T03:07:56.889+03:00 DEBUG 171668 --- [http-nio-8080-exec-2] o.s.w.s.v.ContentNegotiatingViewResolver : Selected 'text/html' given [text/html, application/xhtml+xml, image/avif, image/webp, image/apng, application/xml;q=0.9, */*;q=0.8, application/signed-exchange;v=b3;q=0.7]
2024-08-14T03:07:56.891+03:00 DEBUG 171668 --- [http-nio-8080-exec-2] o.s.w.s.view.freemarker.FreeMarkerView   : View name [login], model {request=SecurityContextHolderAwareRequestWrapper[ org.springframework.security.web.header.HeaderWriterFilter$HeaderWriterRequest@6b38a430], org.springframework.validation.BindingResult.request=org.springframework.validation.BeanPropertyBindingResult: 0 errors}
2024-08-14T03:07:56.897+03:00 DEBUG 171668 --- [http-nio-8080-exec-2] o.s.w.s.view.freemarker.FreeMarkerView   : Rendering [login.ftlh]
2024-08-14T03:07:56.969+03:00 DEBUG 171668 --- [http-nio-8080-exec-2] o.s.web.servlet.DispatcherServlet        : Completed 200 OK
2024-08-14T03:07:56.990+03:00 DEBUG 171668 --- [http-nio-8080-exec-3] o.s.security.web.FilterChainProxy        : Securing GET /css/HomeStyle.css
2024-08-14T03:07:56.991+03:00 DEBUG 171668 --- [http-nio-8080-exec-3] o.s.security.web.FilterChainProxy        : Secured GET /css/HomeStyle.css
2024-08-14T03:07:56.992+03:00 DEBUG 171668 --- [http-nio-8080-exec-3] o.s.s.w.a.AnonymousAuthenticationFilter  : Set SecurityContextHolder to anonymous SecurityContext
2024-08-14T03:07:56.992+03:00 DEBUG 171668 --- [http-nio-8080-exec-3] o.s.web.servlet.DispatcherServlet        : GET "/css/HomeStyle.css", parameters={}
2024-08-14T03:07:56.993+03:00 DEBUG 171668 --- [http-nio-8080-exec-3] o.s.w.s.handler.SimpleUrlHandlerMapping  : Mapped to ResourceHttpRequestHandler [classpath [META-INF/resources/], classpath [resources/], classpath [static/], classpath [public/], ServletContext [/]]
2024-08-14T03:07:57.009+03:00 DEBUG 171668 --- [http-nio-8080-exec-3] o.s.web.servlet.DispatcherServlet        : Completed 200 OK
2024-08-14T03:07:58.356+03:00 DEBUG 171668 --- [http-nio-8080-exec-4] o.s.security.web.FilterChainProxy        : Securing POST /login
2024-08-14T03:07:58.600+03:00 DEBUG 171668 --- [http-nio-8080-exec-4] o.s.s.a.dao.DaoAuthenticationProvider    : Authenticated user
2024-08-14T03:07:58.601+03:00 DEBUG 171668 --- [http-nio-8080-exec-4] .s.ChangeSessionIdAuthenticationStrategy : Changed session id from 58FBEE9495E815D97AAAA5EA19C844C7
2024-08-14T03:07:58.602+03:00 DEBUG 171668 --- [http-nio-8080-exec-4] w.c.HttpSessionSecurityContextRepository : Stored SecurityContextImpl [Authentication=UsernamePasswordAuthenticationToken [Principal=org.springframework.security.core.userdetails.User [Username=admin, Password=[PROTECTED], Enabled=true, AccountNonExpired=true, CredentialsNonExpired=true, AccountNonLocked=true, Granted Authorities=[]], Credentials=[PROTECTED], Authenticated=true, Details=WebAuthenticationDetails [RemoteIpAddress=0:0:0:0:0:0:0:1, SessionId=58FBEE9495E815D97AAAA5EA19C844C7], Granted Authorities=[]]] to HttpSession [org.apache.catalina.session.StandardSessionFacade@661efa9d]
2024-08-14T03:07:58.602+03:00 DEBUG 171668 --- [http-nio-8080-exec-4] w.a.UsernamePasswordAuthenticationFilter : Set SecurityContextHolder to UsernamePasswordAuthenticationToken [Principal=org.springframework.security.core.userdetails.User [Username=admin, Password=[PROTECTED], Enabled=true, AccountNonExpired=true, CredentialsNonExpired=true, AccountNonLocked=true, Granted Authorities=[]], Credentials=[PROTECTED], Authenticated=true, Details=WebAuthenticationDetails [RemoteIpAddress=0:0:0:0:0:0:0:1, SessionId=58FBEE9495E815D97AAAA5EA19C844C7], Granted Authorities=[]]
2024-08-14T03:07:58.603+03:00 DEBUG 171668 --- [http-nio-8080-exec-4] o.s.s.web.DefaultRedirectStrategy        : Redirecting to /
2024-08-14T03:07:58.608+03:00 DEBUG 171668 --- [http-nio-8080-exec-5] o.s.security.web.FilterChainProxy        : Securing GET /
2024-08-14T03:07:58.609+03:00 DEBUG 171668 --- [http-nio-8080-exec-5] w.c.HttpSessionSecurityContextRepository : Retrieved SecurityContextImpl [Authentication=UsernamePasswordAuthenticationToken [Principal=org.springframework.security.core.userdetails.User [Username=admin, Password=[PROTECTED], Enabled=true, AccountNonExpired=true, CredentialsNonExpired=true, AccountNonLocked=true, Granted Authorities=[]], Credentials=[PROTECTED], Authenticated=true, Details=WebAuthenticationDetails [RemoteIpAddress=0:0:0:0:0:0:0:1, SessionId=58FBEE9495E815D97AAAA5EA19C844C7], Granted Authorities=[]]]
2024-08-14T03:07:58.609+03:00 DEBUG 171668 --- [http-nio-8080-exec-5] o.s.security.web.FilterChainProxy        : Secured GET /
2024-08-14T03:07:58.617+03:00 DEBUG 171668 --- [http-nio-8080-exec-6] o.s.security.web.FilterChainProxy        : Securing GET /profile/incomplete
2024-08-14T03:07:58.618+03:00 DEBUG 171668 --- [http-nio-8080-exec-6] w.c.HttpSessionSecurityContextRepository : Retrieved SecurityContextImpl [Authentication=UsernamePasswordAuthenticationToken [Principal=org.springframework.security.core.userdetails.User [Username=admin, Password=[PROTECTED], Enabled=true, AccountNonExpired=true, CredentialsNonExpired=true, AccountNonLocked=true, Granted Authorities=[]], Credentials=[PROTECTED], Authenticated=true, Details=WebAuthenticationDetails [RemoteIpAddress=0:0:0:0:0:0:0:1, SessionId=58FBEE9495E815D97AAAA5EA19C844C7], Granted Authorities=[]]]
2024-08-14T03:07:58.618+03:00 DEBUG 171668 --- [http-nio-8080-exec-6] o.s.security.web.FilterChainProxy        : Secured GET /profile/incomplete
2024-08-14T03:07:58.621+03:00 DEBUG 171668 --- [http-nio-8080-exec-6] o.s.web.servlet.DispatcherServlet        : GET "/profile/incomplete", parameters={}
2024-08-14T03:07:58.622+03:00 DEBUG 171668 --- [http-nio-8080-exec-6] s.w.s.m.m.a.RequestMappingHandlerMapping : Mapped to com.example.employeeworkplace.Controller.ProfileСompletionController#showIncompleteProfileForm(Model, Principal)
2024-08-14T03:07:58.623+03:00 DEBUG 171668 --- [http-nio-8080-exec-6] c.e.e.Controller.ProfileController       : Fetching user details for profile completion. Username: admin
2024-08-14T03:07:58.626+03:00 DEBUG 171668 --- [http-nio-8080-exec-6] c.e.e.Controller.ProfileController       : Incomplete profile form displayed for user: admin
2024-08-14T03:07:58.632+03:00 DEBUG 171668 --- [http-nio-8080-exec-6] o.s.w.s.v.ContentNegotiatingViewResolver : Selected 'text/html' given [text/html, application/xhtml+xml, image/avif, image/webp, image/apng, application/xml;q=0.9, */*;q=0.8, application/signed-exchange;v=b3;q=0.7]
2024-08-14T03:07:58.636+03:00 DEBUG 171668 --- [http-nio-8080-exec-6] o.s.w.s.view.freemarker.FreeMarkerView   : View name [ProfileIncomplete], model {user=User(id=6, username=admin, password=$2a$10$FG3FVbt1a.MAC57Czkx7WugGjApuLLdKOMCvdudzZrnsRE3Ji8tXK, fullName=Admin User, position=admin, birthDate=2000-01-01, email=admin@admin.ru, phoneNumber=, profilePhoto=), formattedBirthDate=2000-01-01, isFullNameMissing=false, isPositionMissing=false, isBirthDateMissing=false, isEmailMissing=false, isPhoneNumberMissing=false, isProfilePhotoMissing=false, org.springframework.validation.BindingResult.user=org.springframework.validation.BeanPropertyBindingResult: 0 errors}
2024-08-14T03:07:58.637+03:00 DEBUG 171668 --- [http-nio-8080-exec-6] o.s.w.s.view.freemarker.FreeMarkerView   : Rendering [ProfileIncomplete.ftlh]
2024-08-14T03:07:58.647+03:00 DEBUG 171668 --- [http-nio-8080-exec-6] o.s.web.servlet.DispatcherServlet        : Completed 200 OK
2024-08-14T03:07:58.662+03:00 DEBUG 171668 --- [http-nio-8080-exec-7] o.s.security.web.FilterChainProxy        : Securing GET /css/HomeStyle.css
2024-08-14T03:07:58.663+03:00 DEBUG 171668 --- [http-nio-8080-exec-7] o.s.security.web.FilterChainProxy        : Secured GET /css/HomeStyle.css
2024-08-14T03:07:58.663+03:00 DEBUG 171668 --- [http-nio-8080-exec-7] w.c.HttpSessionSecurityContextRepository : Retrieved SecurityContextImpl [Authentication=UsernamePasswordAuthenticationToken [Principal=org.springframework.security.core.userdetails.User [Username=admin, Password=[PROTECTED], Enabled=true, AccountNonExpired=true, CredentialsNonExpired=true, AccountNonLocked=true, Granted Authorities=[]], Credentials=[PROTECTED], Authenticated=true, Details=WebAuthenticationDetails [RemoteIpAddress=0:0:0:0:0:0:0:1, SessionId=58FBEE9495E815D97AAAA5EA19C844C7], Granted Authorities=[]]]
2024-08-14T03:07:58.670+03:00 DEBUG 171668 --- [http-nio-8080-exec-8] o.s.security.web.FilterChainProxy        : Securing GET /profile/incomplete
2024-08-14T03:07:58.670+03:00 DEBUG 171668 --- [http-nio-8080-exec-8] w.c.HttpSessionSecurityContextRepository : Retrieved SecurityContextImpl [Authentication=UsernamePasswordAuthenticationToken [Principal=org.springframework.security.core.userdetails.User [Username=admin, Password=[PROTECTED], Enabled=true, AccountNonExpired=true, CredentialsNonExpired=true, AccountNonLocked=true, Granted Authorities=[]], Credentials=[PROTECTED], Authenticated=true, Details=WebAuthenticationDetails [RemoteIpAddress=0:0:0:0:0:0:0:1, SessionId=58FBEE9495E815D97AAAA5EA19C844C7], Granted Authorities=[]]]
2024-08-14T03:07:58.672+03:00 DEBUG 171668 --- [http-nio-8080-exec-8] o.s.security.web.FilterChainProxy        : Secured GET /profile/incomplete
2024-08-14T03:07:58.674+03:00 DEBUG 171668 --- [http-nio-8080-exec-8] o.s.web.servlet.DispatcherServlet        : GET "/profile/incomplete", parameters={}
2024-08-14T03:07:58.675+03:00 DEBUG 171668 --- [http-nio-8080-exec-8] s.w.s.m.m.a.RequestMappingHandlerMapping : Mapped to com.example.employeeworkplace.Controller.ProfileСompletionController#showIncompleteProfileForm(Model, Principal)
2024-08-14T03:07:58.675+03:00 DEBUG 171668 --- [http-nio-8080-exec-8] c.e.e.Controller.ProfileController       : Fetching user details for profile completion. Username: admin
2024-08-14T03:07:58.678+03:00 DEBUG 171668 --- [http-nio-8080-exec-8] c.e.e.Controller.ProfileController       : Incomplete profile form displayed for user: admin
2024-08-14T03:07:58.681+03:00 DEBUG 171668 --- [http-nio-8080-exec-8] o.s.w.s.v.ContentNegotiatingViewResolver : Selected '*/*' given [text/css, */*;q=0.1]
2024-08-14T03:07:58.681+03:00 DEBUG 171668 --- [http-nio-8080-exec-8] o.s.w.s.view.freemarker.FreeMarkerView   : View name [ProfileIncomplete], model {user=User(id=6, username=admin, password=$2a$10$FG3FVbt1a.MAC57Czkx7WugGjApuLLdKOMCvdudzZrnsRE3Ji8tXK, fullName=Admin User, position=admin, birthDate=2000-01-01, email=admin@admin.ru, phoneNumber=, profilePhoto=), formattedBirthDate=2000-01-01, isFullNameMissing=false, isPositionMissing=false, isBirthDateMissing=false, isEmailMissing=false, isPhoneNumberMissing=false, isProfilePhotoMissing=false, org.springframework.validation.BindingResult.user=org.springframework.validation.BeanPropertyBindingResult: 0 errors}
2024-08-14T03:07:58.681+03:00 DEBUG 171668 --- [http-nio-8080-exec-8] o.s.w.s.view.freemarker.FreeMarkerView   : Rendering [ProfileIncomplete.ftlh]
2024-08-14T03:07:58.682+03:00 DEBUG 171668 --- [http-nio-8080-exec-8] o.s.web.servlet.DispatcherServlet        : Completed 200 OK
2024-08-14T03:08:00.757+03:00 DEBUG 171668 --- [http-nio-8080-exec-9] o.s.security.web.FilterChainProxy        : Securing POST /profile/update
2024-08-14T03:08:00.758+03:00 DEBUG 171668 --- [http-nio-8080-exec-9] w.c.HttpSessionSecurityContextRepository : Retrieved SecurityContextImpl [Authentication=UsernamePasswordAuthenticationToken [Principal=org.springframework.security.core.userdetails.User [Username=admin, Password=[PROTECTED], Enabled=true, AccountNonExpired=true, CredentialsNonExpired=true, AccountNonLocked=true, Granted Authorities=[]], Credentials=[PROTECTED], Authenticated=true, Details=WebAuthenticationDetails [RemoteIpAddress=0:0:0:0:0:0:0:1, SessionId=58FBEE9495E815D97AAAA5EA19C844C7], Granted Authorities=[]]]
2024-08-14T03:08:00.759+03:00 DEBUG 171668 --- [http-nio-8080-exec-9] o.s.security.web.FilterChainProxy        : Secured POST /profile/update
2024-08-14T03:08:00.770+03:00 DEBUG 171668 --- [http-nio-8080-exec-10] o.s.security.web.FilterChainProxy        : Securing GET /profile/incomplete
2024-08-14T03:08:00.770+03:00 DEBUG 171668 --- [http-nio-8080-exec-10] w.c.HttpSessionSecurityContextRepository : Retrieved SecurityContextImpl [Authentication=UsernamePasswordAuthenticationToken [Principal=org.springframework.security.core.userdetails.User [Username=admin, Password=[PROTECTED], Enabled=true, AccountNonExpired=true, CredentialsNonExpired=true, AccountNonLocked=true, Granted Authorities=[]], Credentials=[PROTECTED], Authenticated=true, Details=WebAuthenticationDetails [RemoteIpAddress=0:0:0:0:0:0:0:1, SessionId=58FBEE9495E815D97AAAA5EA19C844C7], Granted Authorities=[]]]
2024-08-14T03:08:00.770+03:00 DEBUG 171668 --- [http-nio-8080-exec-10] o.s.security.web.FilterChainProxy        : Secured GET /profile/incomplete
2024-08-14T03:08:00.773+03:00 DEBUG 171668 --- [http-nio-8080-exec-10] o.s.web.servlet.DispatcherServlet        : GET "/profile/incomplete", parameters={}
2024-08-14T03:08:00.773+03:00 DEBUG 171668 --- [http-nio-8080-exec-10] s.w.s.m.m.a.RequestMappingHandlerMapping : Mapped to com.example.employeeworkplace.Controller.ProfileСompletionController#showIncompleteProfileForm(Model, Principal)
2024-08-14T03:08:00.774+03:00 DEBUG 171668 --- [http-nio-8080-exec-10] c.e.e.Controller.ProfileController       : Fetching user details for profile completion. Username: admin
2024-08-14T03:08:00.777+03:00 DEBUG 171668 --- [http-nio-8080-exec-10] c.e.e.Controller.ProfileController       : Incomplete profile form displayed for user: admin
2024-08-14T03:08:00.779+03:00 DEBUG 171668 --- [http-nio-8080-exec-10] o.s.w.s.v.ContentNegotiatingViewResolver : Selected 'text/html' given [text/html, application/xhtml+xml, image/avif, image/webp, image/apng, application/xml;q=0.9, */*;q=0.8, application/signed-exchange;v=b3;q=0.7]
2024-08-14T03:08:00.780+03:00 DEBUG 171668 --- [http-nio-8080-exec-10] o.s.w.s.view.freemarker.FreeMarkerView   : View name [ProfileIncomplete], model {user=User(id=6, username=admin, password=$2a$10$FG3FVbt1a.MAC57Czkx7WugGjApuLLdKOMCvdudzZrnsRE3Ji8tXK, fullName=Admin User, position=admin, birthDate=2000-01-01, email=admin@admin.ru, phoneNumber=, profilePhoto=), formattedBirthDate=2000-01-01, isFullNameMissing=false, isPositionMissing=false, isBirthDateMissing=false, isEmailMissing=false, isPhoneNumberMissing=false, isProfilePhotoMissing=false, org.springframework.validation.BindingResult.user=org.springframework.validation.BeanPropertyBindingResult: 0 errors}
2024-08-14T03:08:00.780+03:00 DEBUG 171668 --- [http-nio-8080-exec-10] o.s.w.s.view.freemarker.FreeMarkerView   : Rendering [ProfileIncomplete.ftlh]
2024-08-14T03:08:00.782+03:00 DEBUG 171668 --- [http-nio-8080-exec-10] o.s.web.servlet.DispatcherServlet        : Completed 200 OK
2024-08-14T03:08:00.799+03:00 DEBUG 171668 --- [http-nio-8080-exec-1] o.s.security.web.FilterChainProxy        : Securing GET /css/HomeStyle.css
2024-08-14T03:08:00.800+03:00 DEBUG 171668 --- [http-nio-8080-exec-1] o.s.security.web.FilterChainProxy        : Secured GET /css/HomeStyle.css
2024-08-14T03:08:00.800+03:00 DEBUG 171668 --- [http-nio-8080-exec-1] w.c.HttpSessionSecurityContextRepository : Retrieved SecurityContextImpl [Authentication=UsernamePasswordAuthenticationToken [Principal=org.springframework.security.core.userdetails.User [Username=admin, Password=[PROTECTED], Enabled=true, AccountNonExpired=true, CredentialsNonExpired=true, AccountNonLocked=true, Granted Authorities=[]], Credentials=[PROTECTED], Authenticated=true, Details=WebAuthenticationDetails [RemoteIpAddress=0:0:0:0:0:0:0:1, SessionId=58FBEE9495E815D97AAAA5EA19C844C7], Granted Authorities=[]]]
2024-08-14T03:08:00.806+03:00 DEBUG 171668 --- [http-nio-8080-exec-2] o.s.security.web.FilterChainProxy        : Securing GET /profile/incomplete
2024-08-14T03:08:00.807+03:00 DEBUG 171668 --- [http-nio-8080-exec-2] w.c.HttpSessionSecurityContextRepository : Retrieved SecurityContextImpl [Authentication=UsernamePasswordAuthenticationToken [Principal=org.springframework.security.core.userdetails.User [Username=admin, Password=[PROTECTED], Enabled=true, AccountNonExpired=true, CredentialsNonExpired=true, AccountNonLocked=true, Granted Authorities=[]], Credentials=[PROTECTED], Authenticated=true, Details=WebAuthenticationDetails [RemoteIpAddress=0:0:0:0:0:0:0:1, SessionId=58FBEE9495E815D97AAAA5EA19C844C7], Granted Authorities=[]]]
2024-08-14T03:08:00.807+03:00 DEBUG 171668 --- [http-nio-8080-exec-2] o.s.security.web.FilterChainProxy        : Secured GET /profile/incomplete
2024-08-14T03:08:00.809+03:00 DEBUG 171668 --- [http-nio-8080-exec-2] o.s.web.servlet.DispatcherServlet        : GET "/profile/incomplete", parameters={}
2024-08-14T03:08:00.810+03:00 DEBUG 171668 --- [http-nio-8080-exec-2] s.w.s.m.m.a.RequestMappingHandlerMapping : Mapped to com.example.employeeworkplace.Controller.ProfileСompletionController#showIncompleteProfileForm(Model, Principal)
2024-08-14T03:08:00.810+03:00 DEBUG 171668 --- [http-nio-8080-exec-2] c.e.e.Controller.ProfileController       : Fetching user details for profile completion. Username: admin
2024-08-14T03:08:00.812+03:00 DEBUG 171668 --- [http-nio-8080-exec-2] c.e.e.Controller.ProfileController       : Incomplete profile form displayed for user: admin
2024-08-14T03:08:00.814+03:00 DEBUG 171668 --- [http-nio-8080-exec-2] o.s.w.s.v.ContentNegotiatingViewResolver : Selected '*/*' given [text/css, */*;q=0.1]
2024-08-14T03:08:00.814+03:00 DEBUG 171668 --- [http-nio-8080-exec-2] o.s.w.s.view.freemarker.FreeMarkerView   : View name [ProfileIncomplete], model {user=User(id=6, username=admin, password=$2a$10$FG3FVbt1a.MAC57Czkx7WugGjApuLLdKOMCvdudzZrnsRE3Ji8tXK, fullName=Admin User, position=admin, birthDate=2000-01-01, email=admin@admin.ru, phoneNumber=, profilePhoto=), formattedBirthDate=2000-01-01, isFullNameMissing=false, isPositionMissing=false, isBirthDateMissing=false, isEmailMissing=false, isPhoneNumberMissing=false, isProfilePhotoMissing=false, org.springframework.validation.BindingResult.user=org.springframework.validation.BeanPropertyBindingResult: 0 errors}
2024-08-14T03:08:00.814+03:00 DEBUG 171668 --- [http-nio-8080-exec-2] o.s.w.s.view.freemarker.FreeMarkerView   : Rendering [ProfileIncomplete.ftlh]
2024-08-14T03:08:00.815+03:00 DEBUG 171668 --- [http-nio-8080-exec-2] o.s.web.servlet.DispatcherServlet        : Completed 200 OK
2024-08-14T03:08:22.752+03:00  INFO 171668 --- [SpringApplicationShutdownHook] j.LocalContainerEntityManagerFactoryBean : Closing JPA EntityManagerFactory for persistence unit 'default'
2024-08-14T03:08:22.755+03:00  INFO 171668 --- [SpringApplicationShutdownHook] com.zaxxer.hikari.HikariDataSource       : HikariPool-1 - Shutdown initiated...
2024-08-14T03:08:22.760+03:00  INFO 171668 --- [SpringApplicationShutdownHook] com.zaxxer.hikari.HikariDataSource       : HikariPool-1 - Shutdown completed.
